TN:
SF:src\app.ts
FNF:0
FNH:0
DA:1,4
DA:3,4
DA:4,4
DA:5,4
DA:6,4
DA:8,4
DA:10,4
DA:11,4
DA:12,4
DA:13,4
DA:14,4
DA:17,4
LF:12
LH:12
BRF:0
BRH:0
end_of_record
TN:
SF:src\server.ts
FN:8,(anonymous_1)
FNF:1
FNH:0
FNDA:0,(anonymous_1)
DA:1,0
DA:2,0
DA:4,0
DA:6,0
DA:8,0
DA:9,0
LF:6
LH:0
BRF:0
BRH:0
end_of_record
TN:
SF:src\api\index.ts
FNF:0
FNH:0
DA:1,4
DA:2,4
DA:3,4
DA:4,4
DA:5,4
DA:7,4
DA:9,4
DA:11,4
DA:13,4
DA:15,4
DA:17,4
LF:11
LH:11
BRF:0
BRH:0
end_of_record
TN:
SF:src\api\auth\v1\auth.controller.ts
FN:7,(anonymous_0)
FN:51,(anonymous_1)
FN:82,(anonymous_2)
FNF:3
FNH:3
FNDA:16,(anonymous_0)
FNDA:16,(anonymous_1)
FNDA:3,(anonymous_2)
DA:2,4
DA:3,4
DA:7,4
DA:8,16
DA:9,16
DA:10,16
DA:12,6
DA:13,2
DA:25,4
DA:36,10
DA:37,10
DA:43,10
DA:51,4
DA:52,16
DA:53,16
DA:54,7
DA:56,4
DA:67,12
DA:68,12
DA:74,12
DA:82,4
DA:83,3
DA:88,3
LF:23
LH:23
BRDA:12,0,0,2
BRDA:36,1,0,10
BRDA:43,2,0,10
BRDA:43,2,1,0
BRDA:46,3,0,10
BRDA:46,3,1,0
BRDA:67,4,0,12
BRDA:74,5,0,12
BRDA:74,5,1,0
BRF:9
BRH:6
end_of_record
TN:
SF:src\api\auth\v1\auth.routes.ts
FNF:0
FNH:0
DA:1,4
DA:2,4
DA:3,4
DA:5,4
DA:7,4
DA:9,4
DA:11,4
DA:12,4
LF:8
LH:8
BRF:0
BRH:0
end_of_record
TN:
SF:src\api\auth\v1\auth.service.ts
FN:27,(anonymous_1)
FN:83,(anonymous_2)
FNF:2
FNH:2
FNDA:16,(anonymous_1)
FNDA:7,(anonymous_2)
DA:1,4
DA:2,4
DA:3,4
DA:4,4
DA:27,4
DA:28,16
DA:29,10
DA:31,10
DA:32,10
DA:33,1
DA:35,9
DA:36,1
DA:38,8
DA:39,8
DA:40,2
DA:42,6
DA:43,6
DA:44,0
DA:47,6
DA:53,6
DA:54,6
DA:60,6
DA:67,6
DA:68,2
DA:77,4
DA:83,4
DA:84,7
DA:86,7
DA:88,7
DA:89,2
DA:92,5
DA:93,0
DA:96,5
DA:97,5
DA:98,1
DA:101,4
DA:103,4
DA:104,0
DA:107,4
DA:108,4
DA:110,4
DA:111,4
DA:112,0
DA:115,4
DA:121,4
DA:122,4
DA:127,4
DA:135,4
LF:48
LH:44
BRDA:32,0,0,1
BRDA:35,1,0,1
BRDA:39,2,0,2
BRDA:43,3,0,0
BRDA:51,4,0,6
BRDA:51,4,1,4
BRDA:53,5,0,6
BRDA:53,5,1,0
BRDA:57,6,0,6
BRDA:57,6,1,0
BRDA:67,7,0,2
BRDA:88,8,0,2
BRDA:92,9,0,0
BRDA:97,10,0,1
BRDA:103,11,0,0
BRDA:111,12,0,0
BRDA:121,13,0,4
BRDA:121,13,1,0
BRDA:124,14,0,4
BRDA:124,14,1,0
BRF:20
BRH:12
end_of_record
TN:
SF:src\api\auth\v1\auth.validation.ts
FN:5,(anonymous_0)
FN:13,(anonymous_1)
FN:18,(anonymous_2)
FN:38,(anonymous_3)
FN:58,(anonymous_4)
FN:92,(anonymous_5)
FN:122,(anonymous_6)
FN:160,(anonymous_7)
FN:176,(anonymous_8)
FNF:9
FNH:7
FNDA:22,(anonymous_0)
FNDA:27,(anonymous_1)
FNDA:27,(anonymous_2)
FNDA:25,(anonymous_3)
FNDA:13,(anonymous_4)
FNDA:16,(anonymous_5)
FNDA:16,(anonymous_6)
FNDA:0,(anonymous_7)
FNDA:0,(anonymous_8)
DA:1,4
DA:6,22
DA:7,22
DA:8,22
DA:9,22
DA:13,4
DA:14,27
DA:15,27
DA:18,4
DA:19,27
DA:21,27
DA:22,0
DA:25,27
DA:26,1
DA:29,27
DA:30,1
DA:33,27
DA:34,2
DA:38,4
DA:39,25
DA:41,25
DA:42,0
DA:45,25
DA:46,1
DA:49,25
DA:50,1
DA:53,25
DA:54,2
DA:58,4
DA:59,13
DA:61,13
DA:62,0
DA:65,13
DA:66,1
DA:69,13
DA:70,0
DA:73,13
DA:74,13
DA:75,1
DA:77,13
DA:78,2
DA:80,13
DA:81,1
DA:83,13
DA:84,1
DA:87,13
DA:88,5
DA:92,4
DA:99,16
DA:100,16
DA:101,0
DA:104,16
DA:105,1
DA:108,15
DA:109,1
DA:112,14
DA:114,12
DA:116,10
DA:122,4
DA:131,16
DA:133,16
DA:134,1
DA:137,15
DA:138,2
DA:141,13
DA:142,0
DA:145,13
DA:146,13
DA:147,13
DA:149,8
DA:150,1
DA:153,7
DA:160,4
DA:161,0
DA:163,0
DA:164,0
DA:167,0
DA:168,0
DA:171,0
DA:172,0
DA:176,4
DA:177,0
DA:178,0
DA:179,0
DA:180,0
DA:182,0
DA:184,0
DA:185,0
DA:188,0
DA:189,0
DA:192,0
DA:193,0
DA:196,0
DA:197,0
DA:199,0
DA:202,4
LF:96
LH:69
BRDA:5,0,0,0
BRDA:21,1,0,0
BRDA:21,2,0,27
BRDA:21,2,1,27
BRDA:25,3,0,1
BRDA:25,4,0,27
BRDA:25,4,1,27
BRDA:29,5,0,1
BRDA:29,6,0,27
BRDA:29,6,1,27
BRDA:33,7,0,2
BRDA:41,8,0,0
BRDA:41,9,0,25
BRDA:41,9,1,25
BRDA:45,10,0,1
BRDA:45,11,0,25
BRDA:45,11,1,25
BRDA:49,12,0,1
BRDA:49,13,0,25
BRDA:49,13,1,25
BRDA:53,14,0,2
BRDA:61,15,0,0
BRDA:61,16,0,13
BRDA:61,16,1,13
BRDA:65,17,0,1
BRDA:65,18,0,13
BRDA:65,18,1,13
BRDA:69,19,0,0
BRDA:69,20,0,13
BRDA:69,20,1,13
BRDA:73,21,0,13
BRDA:74,22,0,1
BRDA:77,23,0,2
BRDA:80,24,0,1
BRDA:83,25,0,1
BRDA:87,26,0,5
BRDA:100,27,0,0
BRDA:100,28,0,16
BRDA:100,28,1,1
BRDA:104,29,0,1
BRDA:108,30,0,1
BRDA:133,31,0,1
BRDA:137,32,0,2
BRDA:141,33,0,0
BRDA:149,34,0,1
BRDA:163,35,0,0
BRDA:163,36,0,0
BRDA:163,36,1,0
BRDA:167,37,0,0
BRDA:167,38,0,0
BRDA:167,38,1,0
BRDA:171,39,0,0
BRDA:178,40,0,0
BRDA:184,41,0,0
BRDA:188,42,0,0
BRDA:192,43,0,0
BRDA:192,44,0,0
BRDA:192,44,1,0
BRDA:196,45,0,0
BRF:59
BRH:38
end_of_record
TN:
SF:src\api\bookings\v1\booking.controller.ts
FN:5,(anonymous_0)
FN:53,(anonymous_1)
FN:192,(anonymous_2)
FN:209,(anonymous_3)
FN:234,(anonymous_4)
FNF:5
FNH:5
FNDA:16,(anonymous_0)
FNDA:16,(anonymous_1)
FNDA:5,(anonymous_2)
FNDA:18,(anonymous_3)
FNDA:18,(anonymous_4)
DA:2,4
DA:3,4
DA:5,4
DA:6,16
DA:7,16
DA:8,9
DA:10,9
DA:11,0
DA:17,9
DA:22,5
DA:28,11
DA:30,11
DA:31,10
DA:32,2
DA:38,8
DA:45,1
DA:53,4
DA:54,16
DA:55,16
DA:57,16
DA:58,3
DA:59,3
DA:60,1
DA:65,2
DA:68,15
DA:69,1
DA:70,1
DA:71,0
DA:76,1
DA:79,15
DA:80,2
DA:81,2
DA:82,1
DA:87,1
DA:90,14
DA:91,3
DA:92,3
DA:93,1
DA:98,2
DA:100,11
DA:101,1
DA:102,1
DA:103,0
DA:108,1
DA:110,11
DA:111,1
DA:112,1
DA:113,0
DA:118,1
DA:122,13
DA:123,1
DA:129,12
DA:130,12
DA:132,12
DA:133,1
DA:139,11
DA:140,1
DA:146,10
DA:147,10
DA:149,10
DA:150,10
DA:151,1
DA:157,9
DA:158,1
DA:164,8
DA:171,8
DA:173,7
DA:184,1
DA:192,4
DA:193,5
DA:194,5
DA:195,3
DA:201,2
DA:209,4
DA:210,18
DA:211,18
DA:212,18
DA:213,1
DA:218,17
DA:219,5
DA:225,12
DA:226,12
DA:234,4
DA:235,18
DA:236,18
DA:238,18
DA:239,3
DA:244,15
DA:245,15
DA:247,15
DA:248,2
DA:255,13
DA:257,11
DA:263,2
DA:264,2
LF:95
LH:91
BRDA:10,0,0,0
BRDA:30,1,0,10
BRDA:31,2,0,2
BRDA:38,3,0,8
BRDA:38,3,1,0
BRDA:57,4,0,3
BRDA:59,5,0,1
BRDA:68,6,0,1
BRDA:70,7,0,0
BRDA:79,8,0,2
BRDA:81,9,0,1
BRDA:90,10,0,3
BRDA:90,10,1,11
BRDA:92,11,0,1
BRDA:100,12,0,1
BRDA:102,13,0,0
BRDA:110,14,0,1
BRDA:112,15,0,0
BRDA:122,16,0,1
BRDA:122,17,0,13
BRDA:122,17,1,1
BRDA:122,17,2,1
BRDA:129,18,0,12
BRDA:129,18,1,10
BRDA:130,19,0,12
BRDA:130,19,1,10
BRDA:132,20,0,1
BRDA:139,21,0,1
BRDA:139,22,0,11
BRDA:139,22,1,11
BRDA:146,23,0,10
BRDA:146,23,1,9
BRDA:147,24,0,10
BRDA:147,24,1,9
BRDA:150,25,0,1
BRDA:157,26,0,1
BRDA:212,27,0,1
BRDA:229,28,0,12
BRDA:229,28,1,3
BRDA:238,29,0,3
BRDA:238,30,0,18
BRDA:238,30,1,16
BRDA:247,31,0,2
BRDA:247,32,0,15
BRDA:247,32,1,14
BRF:45
BRH:40
end_of_record
TN:
SF:src\api\bookings\v1\booking.route.ts
FNF:0
FNH:0
DA:1,4
DA:2,4
DA:3,4
DA:5,4
DA:7,4
DA:9,4
DA:11,4
DA:13,4
DA:15,4
DA:17,4
LF:10
LH:10
BRF:0
BRH:0
end_of_record
TN:
SF:src\api\bookings\v1\booking.service.ts
FN:47,(anonymous_1)
FN:75,(anonymous_2)
FN:121,(anonymous_3)
FN:210,(anonymous_4)
FN:219,(anonymous_5)
FN:250,(anonymous_6)
FN:288,(anonymous_7)
FN:310,(anonymous_8)
FNF:8
FNH:8
FNDA:9,(anonymous_1)
FNDA:4,(anonymous_2)
FNDA:8,(anonymous_3)
FNDA:5,(anonymous_4)
FNDA:17,(anonymous_5)
FNDA:13,(anonymous_6)
FNDA:3,(anonymous_7)
FNDA:19,(anonymous_8)
DA:2,4
DA:3,4
DA:4,4
DA:5,4
DA:7,4
DA:8,4
DA:9,4
DA:47,4
DA:51,9
DA:52,9
DA:54,9
DA:55,9
DA:56,1
DA:59,8
DA:60,8
DA:61,0
DA:64,8
DA:65,8
DA:66,1
DA:69,7
DA:70,0
DA:73,7
DA:74,7
DA:75,4
DA:76,3
DA:77,3
DA:78,0
DA:81,3
DA:82,4
DA:83,4
DA:84,1
DA:86,3
DA:93,6
DA:95,6
DA:96,6
DA:105,1
DA:106,1
DA:108,0
DA:112,5
DA:116,5
DA:121,4
DA:130,8
DA:134,8
DA:135,8
DA:136,8
DA:139,8
DA:140,2
DA:141,2
DA:143,2
DA:144,2
DA:146,2
DA:153,8
DA:154,0
DA:160,8
DA:161,0
DA:165,8
DA:166,0
DA:172,8
DA:174,8
DA:175,1
DA:178,7
DA:179,7
DA:180,7
DA:182,7
DA:184,7
DA:185,0
DA:187,7
DA:190,7
DA:196,7
DA:210,4
DA:211,5
DA:212,4
DA:213,1
DA:215,3
DA:219,4
DA:220,17
DA:221,17
DA:222,1
DA:224,16
DA:225,1
DA:228,15
DA:230,6
DA:231,3
DA:237,3
DA:238,1
DA:241,5
DA:246,5
DA:250,4
DA:254,13
DA:255,0
DA:258,13
DA:259,1
DA:262,12
DA:263,1
DA:266,11
DA:288,11
DA:290,11
DA:298,11
DA:299,0
DA:308,11
DA:310,19
LF:101
LH:91
BRDA:55,0,0,1
BRDA:60,1,0,0
BRDA:65,2,0,1
BRDA:69,3,0,0
BRDA:69,4,0,7
BRDA:69,4,1,3
BRDA:74,5,0,3
BRDA:74,6,0,7
BRDA:74,6,1,3
BRDA:77,7,0,0
BRDA:83,8,0,1
BRDA:89,9,0,3
BRDA:89,9,1,0
BRDA:102,10,0,6
BRDA:102,10,1,0
BRDA:105,11,0,1
BRDA:134,12,0,2
BRDA:135,13,0,1
BRDA:136,14,0,1
BRDA:139,15,0,2
BRDA:153,16,0,0
BRDA:153,16,1,8
BRDA:153,17,0,8
BRDA:153,17,1,0
BRDA:160,18,0,0
BRDA:160,18,1,8
BRDA:165,19,0,0
BRDA:174,20,0,1
BRDA:184,21,0,0
BRDA:184,21,1,7
BRDA:185,22,0,0
BRDA:185,22,1,0
BRDA:187,23,0,7
BRDA:187,23,1,0
BRDA:212,24,0,1
BRDA:221,25,0,1
BRDA:224,26,0,1
BRDA:230,27,0,3
BRDA:230,28,0,6
BRDA:230,28,1,3
BRDA:237,29,0,1
BRDA:254,30,0,0
BRDA:254,31,0,13
BRDA:254,31,1,13
BRDA:258,32,0,1
BRDA:262,33,0,1
BRDA:298,34,0,0
BRDA:298,35,0,11
BRDA:298,35,1,11
BRF:49
BRH:34
end_of_record
TN:
SF:src\api\bookings\v1\booking.validation.ts
FN:8,(anonymous_1)
FN:16,(anonymous_2)
FN:37,(anonymous_3)
FN:61,(anonymous_4)
FN:77,(anonymous_5)
FN:86,(anonymous_6)
FN:93,(anonymous_7)
FN:110,(anonymous_8)
FN:154,(anonymous_9)
FNF:9
FNH:9
FNDA:19,(anonymous_1)
FNDA:43,(anonymous_2)
FNDA:20,(anonymous_3)
FNDA:17,(anonymous_4)
FNDA:15,(anonymous_5)
FNDA:33,(anonymous_6)
FNDA:33,(anonymous_7)
FNDA:16,(anonymous_8)
FNDA:15,(anonymous_9)
DA:2,4
DA:4,4
DA:9,19
DA:10,19
DA:11,19
DA:12,19
DA:16,4
DA:17,43
DA:19,43
DA:20,1
DA:22,43
DA:24,43
DA:25,1
DA:28,43
DA:29,2
DA:32,43
DA:33,3
DA:37,4
DA:38,20
DA:40,20
DA:41,2
DA:44,20
DA:45,20
DA:47,20
DA:48,2
DA:51,20
DA:52,20
DA:53,4
DA:56,20
DA:57,6
DA:61,4
DA:62,17
DA:64,17
DA:65,0
DA:68,17
DA:69,0
DA:72,17
DA:73,0
DA:77,4
DA:78,15
DA:80,9
DA:82,9
DA:83,2
DA:86,33
DA:87,9
DA:89,9
DA:90,2
DA:93,9
DA:94,33
DA:95,0
DA:97,33
DA:98,0
DA:100,33
DA:101,0
DA:105,9
DA:106,4
DA:110,4
DA:121,16
DA:123,16
DA:124,14
DA:125,14
DA:127,14
DA:128,14
DA:130,14
DA:134,11
DA:135,5
DA:136,5
DA:137,5
DA:138,5
DA:141,0
DA:144,11
DA:146,9
DA:154,4
DA:167,15
DA:169,15
DA:170,7
DA:171,6
DA:174,14
DA:175,6
DA:176,6
DA:179,14
DA:180,6
DA:183,11
DA:184,3
DA:185,3
DA:186,3
DA:187,1
DA:189,2
DA:192,10
DA:193,2
DA:194,1
DA:196,1
DA:199,9
DA:201,4
DA:203,4
DA:204,4
DA:205,4
DA:206,0
DA:208,4
DA:210,4
DA:211,2
DA:214,7
DA:215,1
DA:218,6
LF:104
LH:96
BRDA:8,0,0,0
BRDA:19,1,0,1
BRDA:24,2,0,1
BRDA:28,3,0,2
BRDA:32,4,0,3
BRDA:40,5,0,2
BRDA:47,6,0,2
BRDA:52,7,0,4
BRDA:56,8,0,6
BRDA:64,9,0,0
BRDA:68,10,0,0
BRDA:68,11,0,17
BRDA:68,11,1,17
BRDA:72,12,0,0
BRDA:78,13,0,6
BRDA:82,14,0,2
BRDA:82,15,0,9
BRDA:82,15,1,9
BRDA:89,16,0,2
BRDA:94,17,0,0
BRDA:94,18,0,33
BRDA:94,18,1,33
BRDA:97,19,0,0
BRDA:97,20,0,33
BRDA:97,20,1,33
BRDA:100,21,0,0
BRDA:100,22,0,33
BRDA:100,22,1,33
BRDA:105,23,0,4
BRDA:134,24,0,5
BRDA:134,25,0,11
BRDA:134,25,1,5
BRDA:137,26,0,5
BRDA:169,27,0,7
BRDA:174,28,0,6
BRDA:179,29,0,6
BRDA:179,30,0,14
BRDA:179,30,1,6
BRDA:183,31,0,3
BRDA:186,32,0,1
BRDA:192,33,0,2
BRDA:193,34,0,1
BRDA:199,35,0,4
BRDA:201,36,0,4
BRDA:201,36,1,3
BRDA:203,37,0,4
BRDA:203,38,0,4
BRDA:203,38,1,4
BRDA:205,39,0,0
BRDA:214,40,0,1
BRF:50
BRH:42
end_of_record
TN:
SF:src\api\bookings\v1\helpers\conflictchecker.helper.ts
FN:4,(anonymous_1)
FNF:1
FNH:1
FNDA:11,(anonymous_1)
DA:2,4
DA:4,4
DA:5,11
DA:22,11
DA:23,3
DA:25,11
DA:26,11
LF:7
LH:7
BRDA:22,0,0,3
BRDA:25,1,0,11
BRDA:25,1,1,11
BRF:3
BRH:3
end_of_record
TN:
SF:src\api\rooms\v1\room.controller.ts
FN:7,(anonymous_0)
FN:43,(anonymous_1)
FN:62,(anonymous_2)
FN:81,(anonymous_3)
FN:105,(anonymous_4)
FNF:5
FNH:5
FNDA:36,(anonymous_0)
FNDA:6,(anonymous_1)
FNDA:7,(anonymous_2)
FNDA:10,(anonymous_3)
FNDA:6,(anonymous_4)
DA:2,4
DA:3,4
DA:7,4
DA:8,36
DA:9,36
DA:10,13
DA:16,12
DA:22,24
DA:23,24
DA:24,24
DA:25,24
DA:31,0
DA:32,0
DA:33,0
DA:43,4
DA:44,6
DA:45,6
DA:46,5
DA:52,1
DA:53,1
DA:62,4
DA:63,7
DA:64,7
DA:65,4
DA:71,3
DA:72,3
DA:81,4
DA:82,10
DA:83,10
DA:84,10
DA:86,6
DA:87,5
DA:93,5
DA:94,5
DA:95,5
DA:105,4
DA:106,6
DA:107,6
DA:108,3
DA:114,3
DA:115,3
LF:41
LH:38
BRDA:23,0,0,24
BRDA:31,1,0,0
BRDA:31,2,0,0
BRDA:31,2,1,0
BRDA:94,3,0,5
BRF:5
BRH:2
end_of_record
TN:
SF:src\api\rooms\v1\room.route.ts
FNF:0
FNH:0
DA:1,4
DA:2,4
DA:3,4
DA:4,4
DA:7,4
DA:10,4
DA:13,4
DA:16,4
DA:19,4
DA:21,4
LF:10
LH:10
BRF:0
BRH:0
end_of_record
TN:
SF:src\api\rooms\v1\room.service.ts
FN:8,(anonymous_1)
FN:32,(anonymous_2)
FN:41,(anonymous_3)
FN:53,(anonymous_4)
FN:67,(anonymous_5)
FNF:5
FNH:5
FNDA:13,(anonymous_1)
FNDA:6,(anonymous_2)
FNDA:7,(anonymous_3)
FNDA:6,(anonymous_4)
FNDA:6,(anonymous_5)
DA:3,4
DA:4,4
DA:5,4
DA:8,4
DA:9,13
DA:10,13
DA:11,1
DA:13,12
DA:14,12
DA:21,12
DA:22,12
DA:23,12
DA:24,12
DA:25,12
DA:26,12
DA:28,12
DA:32,4
DA:33,6
DA:34,6
DA:35,1
DA:37,5
DA:41,4
DA:42,7
DA:43,1
DA:45,6
DA:46,6
DA:47,2
DA:49,4
DA:53,4
DA:54,6
DA:59,6
DA:60,1
DA:63,5
DA:67,4
DA:68,6
DA:69,1
DA:71,5
DA:79,5
DA:80,2
DA:83,3
LF:40
LH:40
BRDA:10,0,0,1
BRDA:34,1,0,1
BRDA:34,2,0,6
BRDA:34,2,1,6
BRDA:42,3,0,1
BRDA:42,4,0,7
BRDA:42,4,1,7
BRDA:46,5,0,2
BRDA:59,6,0,1
BRDA:68,7,0,1
BRDA:68,8,0,6
BRDA:68,8,1,6
BRDA:79,9,0,2
BRF:13
BRH:13
end_of_record
TN:
SF:src\api\rooms\v1\room.validation.ts
FN:7,(anonymous_0)
FN:15,(anonymous_1)
FN:38,(anonymous_2)
FN:57,(anonymous_3)
FN:72,(anonymous_4)
FN:88,(anonymous_5)
FN:133,(anonymous_6)
FN:163,(anonymous_7)
FNF:8
FNH:8
FNDA:29,(anonymous_0)
FNDA:30,(anonymous_1)
FNDA:21,(anonymous_2)
FNDA:23,(anonymous_3)
FNDA:20,(anonymous_4)
FNDA:36,(anonymous_5)
FNDA:10,(anonymous_6)
FNDA:14,(anonymous_7)
DA:3,4
DA:8,29
DA:9,29
DA:10,29
DA:11,29
DA:15,4
DA:16,30
DA:17,30
DA:18,0
DA:21,30
DA:22,2
DA:25,30
DA:26,1
DA:29,30
DA:30,2
DA:33,30
DA:34,5
DA:38,4
DA:39,21
DA:40,21
DA:41,0
DA:44,21
DA:45,1
DA:48,21
DA:49,1
DA:52,21
DA:53,2
DA:57,4
DA:58,23
DA:59,23
DA:60,0
DA:63,23
DA:64,1
DA:67,23
DA:68,1
DA:72,4
DA:73,20
DA:75,20
DA:76,3
DA:79,20
DA:80,3
DA:83,20
DA:84,5
DA:88,4
DA:100,36
DA:102,36
DA:104,36
DA:105,2
DA:107,36
DA:108,1
DA:110,36
DA:111,4
DA:112,32
DA:113,5
DA:116,36
DA:117,12
DA:120,24
DA:121,20
DA:122,18
DA:123,18
DA:125,13
DA:133,4
DA:134,10
DA:136,10
DA:137,1
DA:140,9
DA:142,9
DA:143,6
DA:144,5
DA:147,8
DA:148,1
DA:149,1
DA:152,8
DA:153,5
DA:154,4
DA:157,7
DA:158,2
DA:159,2
DA:162,7
DA:163,14
DA:165,7
DA:166,1
DA:169,6
DA:173,4
LF:84
LH:81
BRDA:7,0,0,0
BRDA:17,1,0,0
BRDA:17,2,0,30
BRDA:17,2,1,30
BRDA:21,3,0,2
BRDA:25,4,0,1
BRDA:29,5,0,2
BRDA:33,6,0,5
BRDA:40,7,0,0
BRDA:40,8,0,21
BRDA:40,8,1,21
BRDA:44,9,0,1
BRDA:48,10,0,1
BRDA:48,11,0,21
BRDA:48,11,1,21
BRDA:52,12,0,2
BRDA:59,13,0,0
BRDA:59,14,0,23
BRDA:59,14,1,23
BRDA:63,15,0,1
BRDA:63,16,0,23
BRDA:63,16,1,22
BRDA:67,17,0,1
BRDA:75,18,0,3
BRDA:75,19,0,20
BRDA:75,19,1,18
BRDA:79,20,0,3
BRDA:79,21,0,20
BRDA:79,21,1,18
BRDA:83,22,0,5
BRDA:104,23,0,2
BRDA:104,24,0,36
BRDA:104,24,1,34
BRDA:107,25,0,1
BRDA:107,26,0,36
BRDA:107,26,1,35
BRDA:110,27,0,4
BRDA:110,27,1,32
BRDA:110,28,0,36
BRDA:110,28,1,35
BRDA:110,28,2,34
BRDA:110,28,3,32
BRDA:112,29,0,5
BRDA:112,30,0,32
BRDA:112,30,1,29
BRDA:116,31,0,12
BRDA:136,32,0,1
BRDA:136,33,0,10
BRDA:136,33,1,4
BRDA:136,33,2,4
BRDA:136,33,3,2
BRDA:136,33,4,2
BRDA:142,34,0,6
BRDA:147,35,0,1
BRDA:152,36,0,5
BRDA:157,37,0,2
BRDA:165,38,0,1
BRF:57
BRH:53
end_of_record
TN:
SF:src\api\users\v1\user.controller.ts
FN:13,(anonymous_0)
FN:53,(anonymous_1)
FN:64,(anonymous_2)
FN:76,(anonymous_3)
FN:103,(anonymous_4)
FNF:5
FNH:5
FNDA:15,(anonymous_0)
FNDA:2,(anonymous_1)
FNDA:5,(anonymous_2)
FNDA:7,(anonymous_3)
FNDA:4,(anonymous_4)
DA:2,4
DA:7,4
DA:13,4
DA:14,15
DA:15,15
DA:16,4
DA:23,3
DA:29,12
DA:30,12
DA:31,11
DA:37,1
DA:38,0
DA:44,1
DA:53,4
DA:54,2
DA:55,2
DA:56,2
DA:59,0
DA:60,0
DA:64,4
DA:65,5
DA:66,5
DA:67,5
DA:68,2
DA:70,3
DA:71,3
DA:76,4
DA:77,7
DA:78,7
DA:79,3
DA:80,3
DA:86,4
DA:87,4
DA:88,4
DA:94,0
DA:103,4
DA:104,4
DA:105,4
DA:106,2
DA:108,2
DA:109,2
LF:41
LH:37
BRDA:30,0,0,11
BRDA:37,1,0,0
BRDA:37,2,0,1
BRDA:37,2,1,0
BRDA:87,3,0,4
BRF:5
BRH:3
end_of_record
TN:
SF:src\api\users\v1\user.route.ts
FNF:0
FNH:0
DA:1,4
DA:2,4
DA:3,4
DA:4,4
DA:7,4
DA:10,4
DA:11,4
DA:14,4
DA:17,4
DA:20,4
LF:10
LH:10
BRF:0
BRH:0
end_of_record
TN:
SF:src\api\users\v1\user.service.ts
FN:9,(anonymous_1)
FN:51,(anonymous_2)
FN:56,(anonymous_3)
FN:66,(anonymous_4)
FN:78,(anonymous_5)
FN:95,(anonymous_6)
FNF:6
FNH:6
FNDA:4,(anonymous_1)
FNDA:2,(anonymous_2)
FNDA:5,(anonymous_3)
FNDA:5,(anonymous_4)
FNDA:3,(anonymous_5)
FNDA:4,(anonymous_6)
DA:3,4
DA:4,4
DA:5,4
DA:6,4
DA:9,4
DA:10,4
DA:11,4
DA:12,1
DA:14,3
DA:15,3
DA:23,3
DA:37,3
DA:38,3
DA:39,3
DA:40,3
DA:41,3
DA:42,3
DA:43,3
DA:44,3
DA:45,3
DA:47,3
DA:51,4
DA:52,2
DA:53,2
DA:54,0
DA:56,5
DA:66,4
DA:67,5
DA:68,1
DA:70,4
DA:71,4
DA:72,2
DA:74,2
DA:78,4
DA:79,3
DA:80,0
DA:82,3
DA:88,3
DA:89,0
DA:91,3
DA:95,4
DA:96,4
DA:103,4
DA:104,4
DA:105,2
DA:108,2
DA:109,0
DA:112,2
DA:123,2
LF:49
LH:45
BRDA:11,0,0,1
BRDA:53,1,0,0
BRDA:67,2,0,1
BRDA:67,3,0,5
BRDA:67,3,1,5
BRDA:71,4,0,2
BRDA:79,5,0,0
BRDA:88,6,0,0
BRDA:104,7,0,2
BRDA:108,8,0,0
BRF:10
BRH:6
end_of_record
TN:
SF:src\api\users\v1\user.validation.ts
FN:9,(anonymous_0)
FN:17,(anonymous_1)
FN:22,(anonymous_2)
FN:48,(anonymous_3)
FN:64,(anonymous_4)
FN:71,(anonymous_5)
FN:106,(anonymous_6)
FN:141,(anonymous_7)
FNF:8
FNH:8
FNDA:15,(anonymous_0)
FNDA:15,(anonymous_1)
FNDA:13,(anonymous_2)
FNDA:16,(anonymous_3)
FNDA:5,(anonymous_4)
FNDA:15,(anonymous_5)
FNDA:7,(anonymous_6)
FNDA:10,(anonymous_7)
DA:5,4
DA:10,15
DA:11,15
DA:12,15
DA:13,15
DA:17,4
DA:18,15
DA:19,15
DA:22,4
DA:23,13
DA:25,13
DA:26,1
DA:28,13
DA:29,0
DA:31,13
DA:32,2
DA:34,13
DA:35,3
DA:37,13
DA:38,3
DA:40,13
DA:41,4
DA:43,13
DA:44,6
DA:48,4
DA:49,16
DA:50,16
DA:51,0
DA:53,16
DA:54,1
DA:56,16
DA:57,1
DA:59,16
DA:60,2
DA:64,4
DA:65,5
DA:66,5
DA:67,1
DA:71,4
DA:82,15
DA:84,14
DA:85,13
DA:86,13
DA:88,13
DA:90,11
DA:91,1
DA:95,10
DA:96,5
DA:98,4
DA:106,4
DA:110,7
DA:112,7
DA:113,1
DA:116,6
DA:118,6
DA:119,3
DA:120,0
DA:122,3
DA:123,3
DA:125,6
DA:126,4
DA:127,0
DA:129,4
DA:130,1
DA:132,3
DA:135,5
DA:136,3
DA:139,4
DA:140,4
DA:141,10
DA:143,4
DA:144,1
DA:147,3
DA:153,4
LF:74
LH:70
BRDA:9,0,0,0
BRDA:25,1,0,1
BRDA:28,2,0,0
BRDA:31,3,0,2
BRDA:34,4,0,3
BRDA:37,5,0,3
BRDA:40,6,0,4
BRDA:43,7,0,6
BRDA:50,8,0,0
BRDA:50,9,0,16
BRDA:50,9,1,16
BRDA:53,10,0,1
BRDA:56,11,0,1
BRDA:59,12,0,2
BRDA:66,13,0,1
BRDA:82,14,0,1
BRDA:84,15,0,1
BRDA:85,16,0,0
BRDA:86,17,0,0
BRDA:90,18,0,1
BRDA:112,19,0,1
BRDA:112,20,0,7
BRDA:112,20,1,4
BRDA:112,20,2,2
BRDA:118,21,0,3
BRDA:119,22,0,0
BRDA:125,23,0,4
BRDA:126,24,0,0
BRDA:129,25,0,1
BRDA:135,26,0,3
BRDA:143,27,0,1
BRF:31
BRH:24
end_of_record
TN:
SF:src\middleware\authmiddleware.ts
FN:12,(anonymous_1)
FN:39,(anonymous_2)
FN:48,(anonymous_3)
FN:68,(anonymous_4)
FN:88,(anonymous_5)
FN:98,(anonymous_6)
FNF:6
FNH:6
FNDA:225,(anonymous_1)
FNDA:79,(anonymous_2)
FNDA:14,(anonymous_3)
FNDA:182,(anonymous_4)
FNDA:16,(anonymous_5)
FNDA:2,(anonymous_6)
DA:2,4
DA:12,4
DA:13,225
DA:15,225
DA:16,13
DA:22,212
DA:23,212
DA:24,0
DA:26,212
DA:27,212
DA:28,204
DA:29,204
DA:31,8
DA:39,4
DA:40,79
DA:41,5
DA:45,74
DA:48,4
DA:49,14
DA:50,0
DA:55,14
DA:56,14
DA:57,14
DA:59,14
DA:60,12
DA:62,2
DA:68,4
DA:69,182
DA:70,0
DA:76,182
DA:77,7
DA:85,175
DA:88,4
DA:89,16
DA:90,0
DA:95,16
DA:98,4
DA:104,2
DA:105,2
LF:39
LH:35
BRDA:15,0,0,13
BRDA:23,1,0,0
BRDA:40,2,0,5
BRDA:40,3,0,79
BRDA:40,3,1,79
BRDA:49,4,0,0
BRDA:59,5,0,12
BRDA:59,6,0,14
BRDA:59,6,1,4
BRDA:59,6,2,4
BRDA:69,7,0,0
BRDA:76,8,0,7
BRDA:89,9,0,0
BRDA:104,10,0,2
BRDA:104,11,0,2
BRDA:104,11,1,2
BRF:16
BRH:12
end_of_record
TN:
SF:src\models\booking.model.ts
FNF:0
FNH:0
DA:1,4
DA:25,4
DA:82,4
DA:87,4
LF:4
LH:4
BRF:0
BRH:0
end_of_record
TN:
SF:src\models\counter.model.ts
FNF:0
FNH:0
DA:2,4
DA:4,4
DA:9,4
LF:3
LH:3
BRF:0
BRH:0
end_of_record
TN:
SF:src\models\notification.model.ts
FNF:0
FNH:0
DA:1,0
DA:10,0
DA:30,0
LF:3
LH:0
BRF:0
BRH:0
end_of_record
TN:
SF:src\models\room.model.ts
FN:46,(anonymous_9)
FNF:1
FNH:1
FNDA:80,(anonymous_9)
DA:1,4
DA:13,4
DA:46,4
DA:47,80
DA:56,4
LF:5
LH:5
BRF:0
BRH:0
end_of_record
TN:
SF:src\models\user.model.ts
FN:64,(anonymous_10)
FN:73,(anonymous_11)
FN:85,(anonymous_12)
FNF:3
FNH:3
FNDA:47,(anonymous_10)
FNDA:240,(anonymous_11)
FNDA:7,(anonymous_12)
DA:1,4
DA:2,4
DA:18,4
DA:64,4
DA:65,47
DA:73,4
DA:74,240
DA:75,239
DA:76,239
DA:78,239
DA:79,5
DA:80,5
DA:82,239
DA:85,4
DA:86,7
DA:87,7
DA:88,1
DA:89,1
DA:90,1
DA:92,7
DA:95,4
LF:21
LH:21
BRDA:74,0,0,1
BRDA:78,1,0,5
BRDA:87,2,0,1
BRF:3
BRH:3
end_of_record
TN:
SF:src\utils\email.util.ts
FN:21,(anonymous_1)
FN:28,(anonymous_2)
FN:30,(anonymous_3)
FNF:3
FNH:2
FNDA:3,(anonymous_1)
FNDA:3,(anonymous_2)
FNDA:0,(anonymous_3)
DA:1,4
DA:2,4
DA:4,4
DA:6,4
DA:21,4
DA:22,3
DA:29,3
DA:31,0
LF:8
LH:7
BRF:0
BRH:0
end_of_record
TN:
SF:src\utils\getNextSequence.ts
FN:4,(anonymous_1)
FNF:1
FNH:1
FNDA:21,(anonymous_1)
DA:2,4
DA:4,4
DA:5,21
DA:10,21
LF:4
LH:4
BRF:0
BRH:0
end_of_record
